2025-02-25 09:25:39 INFO Data saved successfully
2025-02-25 09:29:39 WARN Memory usage high
2025-02-25 09:34:39 WARN User login successful
2025-02-25 09:35:39 ERROR Disk space running low
2025-02-25 09:36:39 INFO User login successful
2025-02-25 09:37:39 WARN Data saved successfully
2025-02-25 09:40:39 ERROR Data saved successfully
2025-02-25 09:45:39 ERROR User login successful
2025-02-25 09:48:39 INFO User authentication failed
2025-02-25 09:52:39 ERROR User authentication failed
2025-02-25 09:54:39 ERROR File not found error
2025-02-25 09:57:39 INFO User login successful
2025-02-25 10:00:39 INFO Database connection established
2025-02-25 10:01:39 ERROR User logout
2025-02-25 10:04:39 WARN User logout
2025-02-25 10:09:39 WARN User authentication failed
2025-02-25 10:11:39 ERROR API request timeout
2025-02-25 10:12:39 INFO Disk space running low
2025-02-25 10:13:39 ERROR Database connection established
2025-02-25 10:16:39 ERROR Data saved successfully
2025-02-25 10:19:39 ERROR File not found error
2025-02-25 10:21:39 WARN User authentication failed
2025-02-25 10:22:39 ERROR Database connection established
2025-02-25 10:23:39 WARN User login successful
2025-02-25 10:28:39 ERROR Database connection timeout
2025-02-25 10:31:39 WARN Database connection timeout
2025-02-25 10:32:39 ERROR User authentication failed
2025-02-25 10:36:39 WARN Memory usage high
2025-02-25 10:37:39 WARN User authentication failed
2025-02-25 10:39:39 INFO Data saved successfully
2025-02-25 10:43:39 INFO Data saved successfully
2025-02-25 10:47:39 ERROR User logout
2025-02-25 10:48:39 WARN User logout
2025-02-25 10:52:39 INFO Database connection timeout
2025-02-25 10:56:39 WARN Disk space running low
2025-02-25 10:59:39 ERROR Disk space running low
2025-02-25 11:02:39 ERROR Data saved successfully
2025-02-25 11:06:39 INFO API request timeout
2025-02-25 11:09:39 ERROR Memory usage high
2025-02-25 11:14:39 INFO API request timeout
2025-02-25 11:16:39 WARN User authentication failed
2025-02-25 11:18:39 INFO Data saved successfully
2025-02-25 11:21:39 INFO User authentication failed
2025-02-25 11:25:39 WARN User login successful
2025-02-25 11:30:39 ERROR User login successful
2025-02-25 11:31:39 WARN Data saved successfully
2025-02-25 11:35:39 WARN Disk space running low
2025-02-25 11:36:39 INFO User login successful
2025-02-25 11:37:39 INFO File not found error
2025-02-25 11:38:39 ERROR Database connection timeout
2025-02-25 11:43:39 WARN File not found error
2025-02-25 11:48:39 WARN Disk space running low
2025-02-25 11:50:39 WARN User authentication failed
2025-02-25 11:54:39 ERROR Disk space running low
2025-02-25 11:57:39 WARN Disk space running low
2025-02-25 12:00:39 INFO Data saved successfully
2025-02-25 12:05:39 WARN User login successful
2025-02-25 12:06:39 ERROR User login successful
2025-02-25 12:09:39 INFO User authentication failed
2025-02-25 12:12:39 WARN Database connection established
2025-02-25 12:16:39 ERROR API request timeout
2025-02-25 12:18:39 WARN Memory usage high
2025-02-25 12:19:39 INFO Disk space running low
2025-02-25 12:23:39 WARN User login successful
2025-02-25 12:26:39 INFO Disk space running low
2025-02-25 12:29:39 ERROR Data saved successfully
2025-02-25 12:33:39 INFO File not found error
2025-02-25 12:37:39 ERROR API request timeout
2025-02-25 12:38:39 ERROR User login successful
2025-02-25 12:40:39 INFO User login successful
2025-02-25 12:44:39 INFO Memory usage high
2025-02-25 12:46:39 WARN User logout
2025-02-25 12:49:39 INFO Database connection established
2025-02-25 12:54:39 INFO File not found error
2025-02-25 12:56:39 ERROR File not found error
2025-02-25 12:58:39 INFO Memory usage high
2025-02-25 12:59:39 INFO Disk space running low
2025-02-25 13:02:39 WARN Data saved successfully
2025-02-25 13:04:39 ERROR Database connection timeout
2025-02-25 13:05:39 WARN Disk space running low
2025-02-25 13:10:39 ERROR Database connection established
2025-02-25 13:14:39 WARN Data saved successfully
2025-02-25 13:18:39 ERROR API request timeout
2025-02-25 13:21:39 INFO User logout
2025-02-25 13:23:39 WARN Database connection established
2025-02-25 13:25:39 ERROR File not found error
2025-02-25 13:29:39 ERROR Database connection established
2025-02-25 13:31:39 INFO Data saved successfully
2025-02-25 13:36:39 INFO User logout
2025-02-25 13:39:39 ERROR User authentication failed
2025-02-25 13:40:39 INFO User authentication failed
2025-02-25 13:41:39 WARN Data saved successfully
2025-02-25 13:45:39 INFO Data saved successfully
2025-02-25 13:50:39 INFO Database connection established
2025-02-25 13:51:39 ERROR User authentication failed
2025-02-25 13:55:39 WARN User login successful
2025-02-25 13:59:39 WARN User login successful
2025-02-25 14:00:39 ERROR User authentication failed
2025-02-25 14:02:39 WARN User login successful
2025-02-25 14:07:39 WARN API request timeout
