2025-02-25 09:25:39 INFO API request timeout
2025-02-25 09:27:39 ERROR API request timeout
2025-02-25 09:31:39 WARN Memory usage high
2025-02-25 09:34:39 WARN Database connection established
2025-02-25 09:39:39 ERROR Database connection established
2025-02-25 09:44:39 INFO API request timeout
2025-02-25 09:47:39 INFO Database connection established
2025-02-25 09:49:39 WARN User logout
2025-02-25 09:50:39 ERROR Data saved successfully
2025-02-25 09:51:39 ERROR Disk space running low
2025-02-25 09:52:39 INFO User logout
2025-02-25 09:53:39 WARN Memory usage high
2025-02-25 09:57:39 INFO Memory usage high
2025-02-25 10:01:39 WARN Database connection established
2025-02-25 10:05:39 WARN User logout
2025-02-25 10:10:39 INFO User authentication failed
2025-02-25 10:11:39 INFO Memory usage high
2025-02-25 10:15:39 INFO Database connection established
2025-02-25 10:18:39 ERROR User logout
2025-02-25 10:20:39 ERROR User login successful
2025-02-25 10:24:39 ERROR Data saved successfully
2025-02-25 10:29:39 INFO Disk space running low
2025-02-25 10:30:39 ERROR Memory usage high
2025-02-25 10:35:39 INFO Disk space running low
2025-02-25 10:36:39 INFO File not found error
2025-02-25 10:39:39 INFO User authentication failed
2025-02-25 10:44:39 INFO File not found error
2025-02-25 10:49:39 INFO User authentication failed
2025-02-25 10:52:39 WARN Database connection timeout
2025-02-25 10:56:39 INFO Database connection established
2025-02-25 10:57:39 INFO File not found error
2025-02-25 11:01:39 WARN User authentication failed
2025-02-25 11:06:39 INFO User authentication failed
2025-02-25 11:08:39 INFO User login successful
2025-02-25 11:10:39 ERROR Database connection established
2025-02-25 11:13:39 WARN Data saved successfully
2025-02-25 11:15:39 ERROR User authentication failed
2025-02-25 11:16:39 INFO Disk space running low
2025-02-25 11:17:39 ERROR Data saved successfully
2025-02-25 11:20:39 ERROR File not found error
2025-02-25 11:21:39 WARN User authentication failed
2025-02-25 11:26:39 WARN API request timeout
2025-02-25 11:28:39 INFO User authentication failed
2025-02-25 11:29:39 ERROR Database connection timeout
2025-02-25 11:32:39 ERROR File not found error
2025-02-25 11:34:39 WARN Data saved successfully
2025-02-25 11:39:39 ERROR User authentication failed
2025-02-25 11:42:39 ERROR File not found error
2025-02-25 11:43:39 WARN Memory usage high
2025-02-25 11:47:39 ERROR Memory usage high
2025-02-25 11:48:39 INFO Database connection established
2025-02-25 11:52:39 ERROR Data saved successfully
2025-02-25 11:55:39 ERROR File not found error
2025-02-25 11:59:39 INFO Database connection established
2025-02-25 12:00:39 INFO User logout
2025-02-25 12:05:39 ERROR User logout
2025-02-25 12:06:39 WARN User authentication failed
2025-02-25 12:09:39 WARN Disk space running low
2025-02-25 12:11:39 INFO Data saved successfully
2025-02-25 12:15:39 WARN User authentication failed
2025-02-25 12:20:39 INFO Database connection established
2025-02-25 12:21:39 ERROR Disk space running low
2025-02-25 12:22:39 ERROR Memory usage high
2025-02-25 12:26:39 ERROR Database connection established
2025-02-25 12:29:39 WARN User logout
2025-02-25 12:30:39 WARN API request timeout
2025-02-25 12:31:39 INFO Memory usage high
2025-02-25 12:36:39 INFO Data saved successfully
2025-02-25 12:41:39 INFO Memory usage high
2025-02-25 12:46:39 ERROR User logout
2025-02-25 12:49:39 ERROR Database connection established
2025-02-25 12:54:39 WARN User login successful
2025-02-25 12:58:39 WARN User logout
2025-02-25 13:03:39 ERROR File not found error
2025-02-25 13:06:39 ERROR Database connection timeout
2025-02-25 13:08:39 ERROR Database connection timeout
2025-02-25 13:10:39 INFO User logout
2025-02-25 13:12:39 INFO User authentication failed
2025-02-25 13:13:39 ERROR User login successful
2025-02-25 13:14:39 INFO Memory usage high
2025-02-25 13:16:39 INFO Database connection timeout
2025-02-25 13:18:39 INFO Memory usage high
2025-02-25 13:23:39 WARN User login successful
2025-02-25 13:27:39 INFO Memory usage high
2025-02-25 13:28:39 INFO API request timeout
2025-02-25 13:32:39 ERROR Memory usage high
2025-02-25 13:36:39 ERROR Memory usage high
2025-02-25 13:39:39 INFO API request timeout
2025-02-25 13:40:39 ERROR User authentication failed
2025-02-25 13:42:39 INFO User login successful
2025-02-25 13:45:39 INFO Disk space running low
2025-02-25 13:49:39 WARN File not found error
2025-02-25 13:51:39 WARN User login successful
2025-02-25 13:55:39 ERROR User authentication failed
2025-02-25 13:57:39 INFO User login successful
2025-02-25 14:00:39 INFO User authentication failed
2025-02-25 14:03:39 INFO Data saved successfully
2025-02-25 14:07:39 INFO Disk space running low
2025-02-25 14:12:39 WARN Disk space running low
2025-02-25 14:14:39 WARN User logout
