2025-02-25 09:25:39 ERROR Memory usage high
2025-02-25 09:29:39 INFO User login successful
2025-02-25 09:32:39 WARN User logout
2025-02-25 09:37:39 WARN User authentication failed
2025-02-25 09:42:39 INFO Memory usage high
2025-02-25 09:45:39 ERROR User logout
2025-02-25 09:47:39 ERROR User logout
2025-02-25 09:48:39 WARN Data saved successfully
2025-02-25 09:51:39 ERROR User logout
2025-02-25 09:54:39 INFO Memory usage high
2025-02-25 09:57:39 INFO Memory usage high
2025-02-25 10:01:39 WARN Data saved successfully
2025-02-25 10:03:39 ERROR User login successful
2025-02-25 10:05:39 INFO User logout
2025-02-25 10:07:39 ERROR File not found error
2025-02-25 10:09:39 INFO Database connection established
2025-02-25 10:12:39 WARN API request timeout
2025-02-25 10:17:39 ERROR User logout
2025-02-25 10:19:39 ERROR User authentication failed
2025-02-25 10:20:39 WARN Memory usage high
2025-02-25 10:23:39 WARN Data saved successfully
2025-02-25 10:25:39 ERROR File not found error
2025-02-25 10:30:39 WARN Data saved successfully
2025-02-25 10:31:39 ERROR User logout
2025-02-25 10:36:39 ERROR File not found error
2025-02-25 10:38:39 ERROR File not found error
2025-02-25 10:40:39 WARN File not found error
2025-02-25 10:43:39 INFO Data saved successfully
2025-02-25 10:45:39 INFO File not found error
2025-02-25 10:50:39 INFO User login successful
2025-02-25 10:54:39 WARN File not found error
2025-02-25 10:58:39 WARN File not found error
2025-02-25 11:01:39 ERROR Database connection timeout
2025-02-25 11:05:39 INFO Database connection established
2025-02-25 11:09:39 WARN Database connection timeout
2025-02-25 11:10:39 WARN Disk space running low
2025-02-25 11:14:39 INFO User login successful
2025-02-25 11:18:39 INFO Memory usage high
2025-02-25 11:22:39 WARN User authentication failed
2025-02-25 11:26:39 WARN Disk space running low
2025-02-25 11:30:39 WARN Database connection timeout
2025-02-25 11:32:39 WARN Disk space running low
2025-02-25 11:35:39 INFO Database connection timeout
2025-02-25 11:39:39 INFO Disk space running low
2025-02-25 11:44:39 ERROR Database connection timeout
2025-02-25 11:46:39 WARN User authentication failed
2025-02-25 11:48:39 ERROR User logout
2025-02-25 11:53:39 WARN API request timeout
2025-02-25 11:54:39 WARN User login successful
2025-02-25 11:58:39 ERROR File not found error
2025-02-25 12:01:39 ERROR Data saved successfully
2025-02-25 12:02:39 INFO Data saved successfully
2025-02-25 12:06:39 WARN File not found error
2025-02-25 12:10:39 INFO File not found error
2025-02-25 12:11:39 ERROR Database connection established
2025-02-25 12:15:39 ERROR Database connection timeout
2025-02-25 12:20:39 ERROR Database connection established
2025-02-25 12:23:39 ERROR User login successful
2025-02-25 12:26:39 ERROR Disk space running low
2025-02-25 12:28:39 ERROR User authentication failed
2025-02-25 12:30:39 INFO User login successful
2025-02-25 12:33:39 ERROR API request timeout
2025-02-25 12:38:39 WARN User login successful
2025-02-25 12:42:39 ERROR File not found error
2025-02-25 12:43:39 WARN Memory usage high
2025-02-25 12:46:39 ERROR Disk space running low
2025-02-25 12:48:39 ERROR User logout
2025-02-25 12:52:39 ERROR API request timeout
2025-02-25 12:54:39 WARN File not found error
2025-02-25 12:57:39 ERROR User logout
2025-02-25 13:02:39 ERROR Disk space running low
2025-02-25 13:06:39 WARN Data saved successfully
2025-02-25 13:08:39 INFO Database connection established
2025-02-25 13:10:39 WARN Database connection timeout
2025-02-25 13:15:39 INFO API request timeout
2025-02-25 13:19:39 WARN Database connection timeout
2025-02-25 13:24:39 INFO User authentication failed
2025-02-25 13:25:39 ERROR File not found error
2025-02-25 13:27:39 INFO Database connection established
2025-02-25 13:30:39 INFO Database connection timeout
2025-02-25 13:35:39 INFO User authentication failed
2025-02-25 13:36:39 WARN Memory usage high
2025-02-25 13:41:39 ERROR User authentication failed
2025-02-25 13:46:39 INFO User authentication failed
2025-02-25 13:48:39 WARN User login successful
2025-02-25 13:53:39 WARN File not found error
2025-02-25 13:55:39 INFO User logout
2025-02-25 13:59:39 INFO Disk space running low
2025-02-25 14:00:39 INFO API request timeout
2025-02-25 14:02:39 INFO File not found error
2025-02-25 14:03:39 INFO Database connection established
2025-02-25 14:04:39 WARN Disk space running low
2025-02-25 14:06:39 WARN User authentication failed
2025-02-25 14:07:39 WARN Database connection established
2025-02-25 14:09:39 WARN API request timeout
2025-02-25 14:13:39 INFO Disk space running low
2025-02-25 14:14:39 WARN File not found error
2025-02-25 14:17:39 ERROR Disk space running low
2025-02-25 14:20:39 ERROR File not found error
2025-02-25 14:23:39 WARN User authentication failed
